<?xml version="1.0" encoding="UTF-8"?>
<!-- Generated by org.testng.reporters.JUnitXMLReporter -->
<testsuite ignored="0" hostname="Dhruvs-MBP" failures="0" tests="3" name="AutomationOfSCTV" time="99.402" errors="0" timestamp="2022-12-25T20:16:25 GST">
  <testcase classname="pages.TestClass" name="ksaValidations" time="23.331"/>
  <testcase classname="pages.TestClass" name="BahrainValidation" time="28.958"/>
  <testcase classname="pages.TestClass" name="KuwaitValidation" time="29.774"/>
</testsuite> <!-- AutomationOfSCTV -->
