<?xml version="1.0" encoding="UTF-8"?>
<!-- Generated by org.testng.reporters.JUnitXMLReporter -->
<testsuite ignored="0" hostname="Dhruvs-MBP" failures="0" tests="3" name="AutomationOfSCTV" time="103.196" errors="0" timestamp="2022-12-25T16:02:50 GST">
  <testcase classname="pages.TestClass" name="BahrainValidation" time="32.195"/>
  <testcase classname="pages.TestClass" name="KuwaitValidation" time="29.607"/>
  <testcase classname="pages.TestClass" name="ksaValidations" time="23.261"/>
</testsuite> <!-- AutomationOfSCTV -->
