<?xml version="1.0" encoding="UTF-8"?>
<testng-results ignored="0" total="3" passed="3" failed="0" skipped="0">
  <reporter-output>
  </reporter-output>
  <suite started-at="2022-12-25T16:01:07 GST" name="AllTests" finished-at="2022-12-25T16:02:50 GST" duration-ms="103196">
    <groups>
    </groups>
    <test started-at="2022-12-25T16:01:07 GST" name="AutomationOfSCTV" finished-at="2022-12-25T16:02:50 GST" duration-ms="103196">
      <class name="pages.TestClass">
        <test-method is-config="true" signature="StartDriver()[pri:0, instance:pages.TestClass@4facf68f]" started-at="2022-12-25T16:01:07 GST" name="StartDriver" finished-at="2022-12-25T16:01:14 GST" duration-ms="7614" status="PASS">
          <reporter-output>
          </reporter-output>
        </test-method> <!-- StartDriver -->
        <test-method signature="BahrainValidation()[pri:0, instance:pages.TestClass@4facf68f]" started-at="2022-12-25T16:01:14 GST" name="BahrainValidation" finished-at="2022-12-25T16:01:46 GST" duration-ms="32195" status="PASS">
          <reporter-output>
          </reporter-output>
        </test-method> <!-- BahrainValidation -->
        <test-method is-config="true" signature="QuitDriver()[pri:0, instance:pages.TestClass@4facf68f]" started-at="2022-12-25T16:01:46 GST" name="QuitDriver" finished-at="2022-12-25T16:01:47 GST" duration-ms="119" status="PASS">
          <reporter-output>
          </reporter-output>
        </test-method> <!-- QuitDriver -->
        <test-method is-config="true" signature="StartDriver()[pri:0, instance:pages.TestClass@4facf68f]" started-at="2022-12-25T16:01:47 GST" name="StartDriver" finished-at="2022-12-25T16:01:51 GST" duration-ms="4788" status="PASS">
          <reporter-output>
          </reporter-output>
        </test-method> <!-- StartDriver -->
        <test-method signature="KuwaitValidation()[pri:0, instance:pages.TestClass@4facf68f]" started-at="2022-12-25T16:01:51 GST" name="KuwaitValidation" finished-at="2022-12-25T16:02:21 GST" duration-ms="29607" status="PASS">
          <reporter-output>
          </reporter-output>
        </test-method> <!-- KuwaitValidation -->
        <test-method is-config="true" signature="QuitDriver()[pri:0, instance:pages.TestClass@4facf68f]" started-at="2022-12-25T16:02:21 GST" name="QuitDriver" finished-at="2022-12-25T16:02:21 GST" duration-ms="113" status="PASS">
          <reporter-output>
          </reporter-output>
        </test-method> <!-- QuitDriver -->
        <test-method is-config="true" signature="StartDriver()[pri:0, instance:pages.TestClass@4facf68f]" started-at="2022-12-25T16:02:21 GST" name="StartDriver" finished-at="2022-12-25T16:02:26 GST" duration-ms="5324" status="PASS">
          <reporter-output>
          </reporter-output>
        </test-method> <!-- StartDriver -->
        <test-method signature="ksaValidations()[pri:1, instance:pages.TestClass@4facf68f]" started-at="2022-12-25T16:02:26 GST" name="ksaValidations" finished-at="2022-12-25T16:02:50 GST" duration-ms="23261" status="PASS">
          <reporter-output>
          </reporter-output>
        </test-method> <!-- ksaValidations -->
        <test-method is-config="true" signature="QuitDriver()[pri:0, instance:pages.TestClass@4facf68f]" started-at="2022-12-25T16:02:50 GST" name="QuitDriver" finished-at="2022-12-25T16:02:50 GST" duration-ms="112" status="PASS">
          <reporter-output>
          </reporter-output>
        </test-method> <!-- QuitDriver -->
      </class> <!-- pages.TestClass -->
    </test> <!-- AutomationOfSCTV -->
  </suite> <!-- AllTests -->
</testng-results>
